2022-08-03 22:35:51,190 INFO Trying to get the no. of the Rows and Columns of both the matrix
2022-08-03 22:36:20,341 INFO Successfully entered the Row and Columns as per defined program
2022-08-03 22:36:20,341 INFO trying to enter the elements of Matrix1
2022-08-03 22:36:22,923 INFO trying to print the elements of Matrix1
2022-08-03 22:36:22,923 INFO trying to enter the elements of Matrix2
2022-08-03 22:36:25,425 INFO trying to print the elements of Matrix2
2022-08-03 22:40:20,032 INFO Trying to get the no. of the Rows and Columns of both the matrix
2022-08-03 22:40:22,018 ERROR Kindly enter non zero positive no.
2022-08-03 22:40:22,019 INFO Trying to get the no. of the Rows and Columns of both the matrix
2022-08-03 22:40:42,186 ERROR Kindly enter non zero positive no.
2022-08-03 22:40:42,186 INFO Trying to get the no. of the Rows and Columns of both the matrix
2022-08-03 22:40:49,447 INFO Trying to get the no. of the Rows and Columns of both the matrix
2022-08-03 22:40:55,862 INFO Successfully entered the Row and Columns as per defined program
2022-08-03 22:40:55,862 INFO trying to enter the elements of Matrix
2022-08-03 22:41:07,235 INFO trying to print the elements of Matrix
2022-08-03 22:41:07,235 ERROR Kindly re-start the program and enter only numerical vales
2022-08-03 22:42:00,762 INFO Trying to get the no. of the Rows and Columns of both the matrix
2022-08-03 22:42:04,899 INFO Successfully entered the Row and Columns as per defined program
2022-08-03 22:42:04,899 INFO trying to enter the elements of Matrix
2022-08-03 22:42:09,511 INFO trying to print the elements of Matrix
2022-08-03 22:42:50,004 INFO Trying to get the no. of the Rows and Columns of both the matrix
2022-08-03 22:42:52,836 INFO Successfully entered the Row and Columns as per defined program
2022-08-03 22:42:52,836 INFO trying to enter the elements of Matrix
2022-08-03 22:42:57,128 INFO trying to print the elements of Matrix
2022-08-03 22:51:20,428 INFO Trying to get the no. of the Rows and Columns of both the matrix
2022-08-03 22:51:53,350 ERROR Kindly enter non zero positive no.
2022-08-03 22:51:53,350 INFO Trying to get the no. of the Rows and Columns of both the matrix
2022-08-03 22:52:06,838 INFO Trying to get the no. of the Rows and Columns of both the matrix
2022-08-03 22:52:12,822 INFO Successfully entered the Row and Columns as per defined program
2022-08-03 23:17:15,311 INFO Trying to get the no. of the Rows and Columns of both the matrix
2022-08-03 23:17:18,265 ERROR Kindly enter non zero positive no.
2022-08-03 23:17:18,265 INFO Trying to get the no. of the Rows and Columns of both the matrix
2022-08-03 23:19:01,266 ERROR Kindly enter non zero positive no.
2022-08-03 23:19:01,267 INFO Trying to get the no. of the Rows and Columns of both the matrix
2022-08-03 23:19:06,073 INFO Trying to get the no. of the Rows and Columns of both the matrix
2022-08-03 23:19:08,961 ERROR Kindly enter non zero positive no.
2022-08-03 23:19:08,961 INFO Trying to get the no. of the Rows and Columns of both the matrix
2022-08-03 23:19:51,099 ERROR Kindly enter non zero positive no.
2022-08-03 23:19:51,099 INFO Trying to get the no. of the Rows and Columns of both the matrix
2022-08-03 23:19:58,604 INFO Trying to get the no. of the Rows and Columns of both the matrix
2022-08-03 23:20:00,299 ERROR Kindly enter non zero positive no.
2022-08-03 23:20:00,299 INFO Trying to get the no. of the Rows and Columns of both the matrix
2022-08-03 23:20:40,460 ERROR Kindly enter non zero positive no.
2022-08-03 23:20:40,460 INFO Trying to get the no. of the Rows and Columns of both the matrix
