2022-08-03 23:20:46,073 INFO Trying to get the no. of the Rows and Columns of both the matrix
2022-08-03 23:21:08,281 ERROR Kindly enter non zero positive no.
2022-08-03 23:21:08,281 INFO Trying to get the no. of the Rows and Columns of both the matrix
2022-08-03 23:21:13,651 INFO Trying to get the no. of the Rows and Columns of both the matrix
2022-08-03 23:21:16,111 ERROR Kindly enter non zero positive no.
2022-08-03 23:21:16,111 INFO Trying to get the no. of the Rows and Columns of both the matrix
2022-08-03 23:22:06,813 ERROR Kindly enter non zero positive no.
2022-08-03 23:22:06,813 INFO Trying to get the no. of the Rows and Columns of both the matrix
2022-08-03 23:22:28,606 INFO Trying to get the no. of the Rows and Columns of both the matrix
2022-08-03 23:22:30,893 ERROR Kindly enter non zero positive no.
2022-08-03 23:22:30,893 INFO Trying to get the no. of the Rows and Columns of both the matrix
2022-08-03 23:23:23,102 ERROR Kindly enter non zero positive no.
2022-08-03 23:23:23,102 INFO Trying to get the no. of the Rows and Columns of both the matrix
2022-08-03 23:23:52,801 INFO Trying to get the no. of the Rows and Columns of both the matrix
2022-08-03 23:23:55,212 ERROR Kindly enter non zero positive no.
2022-08-03 23:25:35,720 INFO Trying to get the no. of the Rows and Columns of both the matrix
2022-08-03 23:28:45,581 INFO Trying to get list of the Words
2022-08-03 23:29:25,877 INFO Trying to get list of the Words
2022-08-03 23:29:29,035 INFO Successfully entered the Row and Columns as per defined program
2022-08-03 23:30:06,241 ERROR Kindly enter non zero positive no.
2022-08-03 23:30:06,483 INFO Trying to get list of the Words
2022-08-03 23:30:11,939 INFO Successfully entered the Row and Columns as per defined program
2022-08-03 23:30:14,864 INFO Successfully entered the Row and Columns as per defined program
2022-08-03 23:30:16,680 INFO Successfully entered the Row and Columns as per defined program
2022-08-03 23:30:20,041 INFO Successfully entered the Row and Columns as per defined program
2022-08-03 23:30:30,579 INFO Trying to get list of the Words
2022-08-03 23:30:34,310 INFO Successfully entered the Row and Columns as per defined program
2022-08-03 23:30:35,693 INFO Successfully entered the Row and Columns as per defined program
2022-08-03 23:30:36,799 INFO Successfully entered the Row and Columns as per defined program
2022-08-03 23:31:07,655 INFO Trying to get list of the Words
2022-08-03 23:31:14,203 INFO Successfully entered the Row and Columns as per defined program
2022-08-03 23:36:00,427 INFO Trying to get list of the Words
2022-08-03 23:36:10,162 INFO Successfully entered the Row and Columns as per defined program
2022-08-03 23:37:44,811 INFO Trying to get list of the Words
2022-08-03 23:37:52,371 INFO Successfully entered the Row and Columns as per defined program
2022-08-03 23:40:07,384 INFO Trying to get list of the Words
2022-08-03 23:40:13,129 INFO Successfully entered as per defined program
2022-08-03 23:41:13,295 INFO Trying to get list of the Words
2022-08-03 23:41:27,121 INFO Trying to get list of the Words
2022-08-03 23:42:11,996 INFO Trying to get list of the Words
2022-08-03 23:42:21,458 INFO Successfully entered as per defined program
2022-08-03 23:43:41,483 INFO Trying to get list of the Words
2022-08-03 23:43:47,334 INFO Successfully entered as per defined program
2022-08-03 23:44:39,059 INFO Trying to get list of the Words
2022-08-03 23:44:48,723 INFO Successfully entered as per defined program
2022-08-03 23:44:55,303 INFO Trying to get list of the Words
2022-08-03 23:45:01,350 INFO Successfully entered as per defined program
2022-08-03 23:45:08,628 INFO Trying to get list of the Words
2022-08-03 23:45:18,231 INFO Successfully entered as per defined program
